<?xml version="1.0" encoding="UTF-8"?>
<!-- Generated by org.testng.reporters.JUnitReportReporter -->
<testsuite skipped="0" hostname="DN" name="com.inetbanking.testdata.qa.TC_LoginTest_001" tests="1" failures="0" timestamp="2020-05-26T11:11:27 IST" time="6.946" errors="0">
  <testcase name="loginPageTest" time="6.946" classname="com.inetbanking.testdata.qa.TC_LoginTest_001"/>
  <system-out/>
</testsuite> <!-- com.inetbanking.testdata.qa.TC_LoginTest_001 -->
